{"logTime": "0506/224615", "correlationVector":"lVnFvQ2fLuDbTs4rpc1ZYg.1","action":"SyncServerConnectionManagerRequest", "result":"SYNC_SERVER_OK", "context":{"environment":"Prod_brazilsouth_prod-s01-001-sam-brazilsouth", "migrationStage":"NotStarted", "server":"akswtt00400000j"}}
{"logTime": "0506/224629", "correlationVector":"lVnFvQ2fLuDbTs4rpc1ZYg.2","action":"AAD.Mip.Unpack", "result":"Success", "context":MIP_CLOUD_COMMERCIAL:Success}
{"logTime": "0506/224629", "correlationVector":"lVnFvQ2fLuDbTs4rpc1ZYg.3","action":"EncryptionKeysManager::SetEncryptionKeys:", "result":"Success", "context":Key names[2]:[bcJazM87WGqppR3Fb2R9dgTRzvOmzuIpfxfe7bUASbjpMhWAoDlsmxc0m8zNO5FAxt4RT/iwIBhzY+Tr1R+Q9A==][MKQ8+slRV6Lb1e+Waq+00EI4o8FxqhfqxTnw4LXyMffUMy7srbXmQYMSixVfTefcvLgODgIwYnyPkS83bCQfeQ==]}
{"logTime": "0506/224629", "correlationVector":"lVnFvQ2fLuDbTs4rpc1ZYg.4","action":"AAD.GetKeyResponse", "result":"Success", "context":Keys=2.LastKeyStatus=Active. 2025-11-24 19:04:34 -03.State=None. Tags: Current_encryption_keys_tag = 77+9aH0v77+977+9fO+/vVnvv73vv73Zge+/vQfvv73vv71rJ++/vceu77+9J1Hvv73vv73vv70777+9Bw==, Updated_current_encryption_keys_tag = Empty. Emails: ["05808999006@senacrs.edu.br"]}
{"logTime": "0506/224629", "correlationVector":"lVnFvQ2fLuDbTs4rpc1ZYg.5","action":"ProcessGetUpdates", "result":"Done", "context":{"dataType":"Encryption Keys", "deleted":"0", "process_failed_to_decrypt":"0", "process_pending_decryption":"0", "process_success":"1", "total":"1"}}
{"logTime": "0506/224629", "correlationVector":"lVnFvQ2fLuDbTs4rpc1ZYg","action":"Initial GetUpdates", "result":"", "context":Reason: NEW_CLIENT. cV=lVnFvQ2fLuDbTs4rpc1ZYg}
{"logTime": "0506/224629", "correlationVector":"lVnFvQ2fLuDbTs4rpc1ZYg.6","action":"GetUpdates Response", "result":"Success", "context":Received 1 update(s). cV=lVnFvQ2fLuDbTs4rpc1ZYg.0;server=akswtt00400000j;cloudType=Multitenant;environment=Prod_brazilsouth_prod-s01-001-sam-brazilsouth;migrationStage=NotStarted}
{"logTime": "0506/224629", "correlationVector":"YKf6oCdy55I5/QZC2alOPP","action":"Initial GetUpdates", "result":"", "context":Reason: NEW_CLIENT. cV=YKf6oCdy55I5/QZC2alOPP}
{"logTime": "0506/224634", "correlationVector":"YKf6oCdy55I5/QZC2alOPP.1","action":"SyncServerConnectionManagerRequest", "result":"SYNC_SERVER_OK", "context":{"environment":"Prod_brazilsouth_prod-s01-034-sam-brazilsouth", "migrationStage":"NotStarted", "server":"akswtt100000005"}}
{"logTime": "0506/224634", "correlationVector":"YKf6oCdy55I5/QZC2alOPP.2","action":"ProcessGetUpdates", "result":"Done", "context":{"dataType":"Preferences", "deleted":"0", "process_failed_to_decrypt":"0", "process_pending_decryption":"0", "process_success":"42", "total":"42"}}
{"logTime": "0506/224634", "correlationVector":"YKf6oCdy55I5/QZC2alOPP.3","action":"ProcessGetUpdates", "result":"Done", "context":{"dataType":"Passwords", "deleted":"0", "process_failed_to_decrypt":"0", "process_pending_decryption":"0", "process_success":"1", "total":"1"}}
{"logTime": "0506/224634", "correlationVector":"YKf6oCdy55I5/QZC2alOPP.4","action":"ProcessGetUpdates", "result":"Done", "context":{"dataType":"Device Info", "deleted":"0", "process_failed_to_decrypt":"0", "process_pending_decryption":"0", "process_success":"18", "total":"18"}}
{"logTime": "0506/224634", "correlationVector":"YKf6oCdy55I5/QZC2alOPP.5","action":"GetUpdates Response", "result":"Success", "context":Received 61 update(s). cV=YKf6oCdy55I5/QZC2alOPP.0;server=akswtt100000005;cloudType=Multitenant;environment=Prod_brazilsouth_prod-s01-034-sam-brazilsouth;migrationStage=NotStarted}
{"logTime": "0506/224634", "correlationVector":"kKHJqVMAQiSTMLPVkRcsHi","action":"Initial GetUpdates", "result":"", "context":Reason: NEW_CLIENT. cV=kKHJqVMAQiSTMLPVkRcsHi}
{"logTime": "0506/224637", "correlationVector":"kKHJqVMAQiSTMLPVkRcsHi.1","action":"SyncServerConnectionManagerRequest", "result":"SYNC_SERVER_OK", "context":{"environment":"Prod_brazilsouth_prod-s01-034-sam-brazilsouth", "migrationStage":"NotStarted", "server":"akswtt10000000h"}}
{"logTime": "0506/224637", "correlationVector":"kKHJqVMAQiSTMLPVkRcsHi.2","action":"ProcessGetUpdates", "result":"Done", "context":{"dataType":"Bookmarks", "deleted":"0", "process_failed_to_decrypt":"0", "process_pending_decryption":"0", "process_success":"6", "total":"6"}}
{"logTime": "0506/224637", "correlationVector":"kKHJqVMAQiSTMLPVkRcsHi.3","action":"GetUpdates Response", "result":"Success", "context":Received 6 update(s). cV=kKHJqVMAQiSTMLPVkRcsHi.0;server=akswtt10000000h;cloudType=Multitenant;environment=Prod_brazilsouth_prod-s01-034-sam-brazilsouth;migrationStage=NotStarted}
{"logTime": "0506/224637", "correlationVector":"Tbc/grM3YcGPUcah9VO9lB","action":"Initial GetUpdates", "result":"", "context":Reason: NEW_CLIENT. cV=Tbc/grM3YcGPUcah9VO9lB}
{"logTime": "0506/224639", "correlationVector":"Tbc/grM3YcGPUcah9VO9lB.1","action":"SyncServerConnectionManagerRequest", "result":"SYNC_SERVER_OK", "context":{"environment":"Prod_brazilsouth_prod-s01-034-sam-brazilsouth", "migrationStage":"NotStarted", "server":"akswtt100000002"}}
{"logTime": "0506/224639", "correlationVector":"Tbc/grM3YcGPUcah9VO9lB.2","action":"ProcessGetUpdates", "result":"Done", "context":{"dataType":"Autofill Profiles", "deleted":"0", "process_failed_to_decrypt":"0", "process_pending_decryption":"0", "process_success":"1", "total":"1"}}
{"logTime": "0506/224639", "correlationVector":"Tbc/grM3YcGPUcah9VO9lB.3","action":"ProcessGetUpdates", "result":"Done", "context":{"dataType":"Autofill", "deleted":"0", "process_failed_to_decrypt":"0", "process_pending_decryption":"0", "process_success":"22", "total":"22"}}
{"logTime": "0506/224639", "correlationVector":"Tbc/grM3YcGPUcah9VO9lB.4","action":"ProcessGetUpdates", "result":"Done", "context":{"dataType":"Sessions", "deleted":"0", "process_failed_to_decrypt":"0", "process_pending_decryption":"0", "process_success":"2", "total":"2"}}
{"logTime": "0506/224639", "correlationVector":"Tbc/grM3YcGPUcah9VO9lB.5","action":"ProcessGetUpdates", "result":"Done", "context":{"dataType":"Edge Hub App Usage", "deleted":"0", "process_failed_to_decrypt":"0", "process_pending_decryption":"0", "process_success":"1", "total":"1"}}
{"logTime": "0506/224639", "correlationVector":"Tbc/grM3YcGPUcah9VO9lB.6","action":"GetUpdates Response", "result":"Success", "context":Received 26 update(s). cV=Tbc/grM3YcGPUcah9VO9lB.0;server=akswtt100000002;cloudType=Multitenant;environment=Prod_brazilsouth_prod-s01-034-sam-brazilsouth;migrationStage=NotStarted}
{"logTime": "0506/224639", "correlationVector":"2NF+DQORU4YhwgIjsVIhNp","action":"Initial GetUpdates", "result":"", "context":Reason: NEW_CLIENT. cV=2NF+DQORU4YhwgIjsVIhNp}
{"logTime": "0506/224643", "correlationVector":"2NF+DQORU4YhwgIjsVIhNp.1","action":"SyncServerConnectionManagerRequest", "result":"SYNC_SERVER_OK", "context":{"environment":"Prod_brazilsouth_prod-s01-034-sam-brazilsouth", "migrationStage":"NotStarted", "server":"akswtt100000002"}}
{"logTime": "0506/224643", "correlationVector":"2NF+DQORU4YhwgIjsVIhNp.2","action":"ProcessGetUpdates", "result":"Done", "context":{"dataType":"History", "deleted":"0", "process_failed_to_decrypt":"0", "process_pending_decryption":"0", "process_success":"9", "total":"9"}}
{"logTime": "0506/224643", "correlationVector":"2NF+DQORU4YhwgIjsVIhNp.3","action":"GetUpdates Response", "result":"Success", "context":Received 9 update(s). cV=2NF+DQORU4YhwgIjsVIhNp.0;server=akswtt100000002;cloudType=Multitenant;environment=Prod_brazilsouth_prod-s01-034-sam-brazilsouth;migrationStage=NotStarted}
{"logTime": "0506/224643", "correlationVector":"01j4qw31zSpooBceDI/Jz4","action":"Normal GetUpdate request", "result":"", "context":cV=01j4qw31zSpooBceDI/Jz4
Nudged types: Passwords, Sessions, Device Info, User Consents
Refresh requested types: Bookmarks, Preferences, Passwords, Autofill Profiles, Autofill, Extensions, Sessions, Extension settings, History Delete Directives, Device Info, User Consents, Send Tab To Self, Web Apps, History, Saved Tab Group, WebAuthn Credentials, Collection, Edge E Drop, Edge Hub App Usage, Edge Wallet, Edge Workspace, Encryption Keys}
{"logTime": "0506/224645", "correlationVector":"01j4qw31zSpooBceDI/Jz4.1","action":"SyncServerConnectionManagerRequest", "result":"SYNC_SERVER_OK", "context":{"environment":"Prod_brazilsouth_prod-s01-034-sam-brazilsouth", "migrationStage":"NotStarted", "server":"akswtt100000002"}}
{"logTime": "0506/224645", "correlationVector":"01j4qw31zSpooBceDI/Jz4.2","action":"GetUpdates Response", "result":"Success", "context":Received 0 update(s). cV=01j4qw31zSpooBceDI/Jz4.0;server=akswtt100000002;cloudType=Multitenant;environment=Prod_brazilsouth_prod-s01-034-sam-brazilsouth;migrationStage=NotStarted}
{"logTime": "0506/224645", "correlationVector":"F1UxW2UNGjdEReDVyphUqA","action":"Commit Request", "result":"", "context":Item count: 5
Contributing types: Passwords, Sessions, Device Info, User Consents}
{"logTime": "0506/224647", "correlationVector":"F1UxW2UNGjdEReDVyphUqA.1","action":"SyncServerConnectionManagerRequest", "result":"SYNC_SERVER_OK", "context":{"environment":"Prod_brazilsouth_prod-s01-034-sam-brazilsouth", "migrationStage":"NotStarted", "server":"akswtt100000005"}}
{"logTime": "0506/224647", "correlationVector":"F1UxW2UNGjdEReDVyphUqA.2","action":"Commit Response", "result":"Success", "context":Result: Success. cV=F1UxW2UNGjdEReDVyphUqA.0;server=akswtt100000005;cloudType=Multitenant;environment=Prod_brazilsouth_prod-s01-034-sam-brazilsouth;migrationStage=NotStarted}
{"logTime": "0506/225157", "correlationVector":"K+n0HcQSmRosYl++WkDV50","action":"Commit Request", "result":"", "context":Item count: 2
Contributing types: Preferences, History}
{"logTime": "0506/225158", "correlationVector":"K+n0HcQSmRosYl++WkDV50.1","action":"SyncServerConnectionManagerRequest", "result":"SYNC_SERVER_OK", "context":{"environment":"Prod_brazilsouth_prod-s01-001-sam-brazilsouth", "migrationStage":"NotStarted", "server":"akswtt00400000i"}}
{"logTime": "0506/225158", "correlationVector":"K+n0HcQSmRosYl++WkDV50.2","action":"Commit Response", "result":"Success", "context":Result: Success. cV=K+n0HcQSmRosYl++WkDV50.0;server=akswtt00400000i;cloudType=Multitenant;environment=Prod_brazilsouth_prod-s01-001-sam-brazilsouth;migrationStage=NotStarted}
{"logTime": "0506/225202", "correlationVector":"45d3R575O25bCdP/Z1QIKC","action":"Commit Request", "result":"", "context":Item count: 2
Contributing types: Preferences, Passwords}
{"logTime": "0506/225202", "correlationVector":"45d3R575O25bCdP/Z1QIKC.1","action":"SyncServerConnectionManagerRequest", "result":"SYNC_SERVER_OK", "context":{"environment":"Prod_brazilsouth_prod-s01-001-sam-brazilsouth", "migrationStage":"NotStarted", "server":"akswtt004000004"}}
{"logTime": "0506/225202", "correlationVector":"45d3R575O25bCdP/Z1QIKC.2","action":"Commit Response", "result":"Success", "context":Result: Success. cV=45d3R575O25bCdP/Z1QIKC.0;server=akswtt004000004;cloudType=Multitenant;environment=Prod_brazilsouth_prod-s01-001-sam-brazilsouth;migrationStage=NotStarted}
{"logTime": "0506/225210", "correlationVector":"4oq5LLmXtJM9OhcObaCOKv","action":"Commit Request", "result":"", "context":Item count: 6
Contributing types: Preferences, Sessions, History}
{"logTime": "0506/225211", "correlationVector":"4oq5LLmXtJM9OhcObaCOKv.1","action":"SyncServerConnectionManagerRequest", "result":"SYNC_SERVER_OK", "context":{"environment":"Prod_brazilsouth_prod-s01-001-sam-brazilsouth", "migrationStage":"NotStarted", "server":"akswtt00400000j"}}
{"logTime": "0506/225211", "correlationVector":"4oq5LLmXtJM9OhcObaCOKv.2","action":"Commit Response", "result":"Success", "context":Result: Success. cV=4oq5LLmXtJM9OhcObaCOKv.0;server=akswtt00400000j;cloudType=Multitenant;environment=Prod_brazilsouth_prod-s01-001-sam-brazilsouth;migrationStage=NotStarted}
{"logTime": "0506/225311", "correlationVector":"yR4wWd5/+P5oyOpfO8ZdMO","action":"Commit Request", "result":"", "context":Item count: 17
Contributing types: Sessions, History}
{"logTime": "0506/225312", "correlationVector":"yR4wWd5/+P5oyOpfO8ZdMO.1","action":"SyncServerConnectionManagerRequest", "result":"SYNC_SERVER_OK", "context":{"environment":"Prod_brazilsouth_prod-s01-001-sam-brazilsouth", "migrationStage":"NotStarted", "server":"akswtt004000004"}}
{"logTime": "0506/225312", "correlationVector":"yR4wWd5/+P5oyOpfO8ZdMO.2","action":"Commit Response", "result":"Success", "context":Result: Success. cV=yR4wWd5/+P5oyOpfO8ZdMO.0;server=akswtt004000004;cloudType=Multitenant;environment=Prod_brazilsouth_prod-s01-001-sam-brazilsouth;migrationStage=NotStarted}
{"logTime": "0506/225818", "correlationVector":"NJ754Yty1sr3BdFASrc6Ev","action":"Commit Request", "result":"", "context":Item count: 6
Contributing types: Sessions, History}
{"logTime": "0506/225819", "correlationVector":"NJ754Yty1sr3BdFASrc6Ev.1","action":"SyncServerConnectionManagerRequest", "result":"SYNC_SERVER_OK", "context":{"environment":"Prod_brazilsouth_prod-s01-034-sam-brazilsouth", "migrationStage":"NotStarted", "server":"akswtt100000009"}}
{"logTime": "0506/225819", "correlationVector":"NJ754Yty1sr3BdFASrc6Ev.2","action":"Commit Response", "result":"Success", "context":Result: Success. cV=NJ754Yty1sr3BdFASrc6Ev.0;server=akswtt100000009;cloudType=Multitenant;environment=Prod_brazilsouth_prod-s01-034-sam-brazilsouth;migrationStage=NotStarted}
